# JRE version: OpenJDK Runtime Environment Zulu11.48+21-CA (11.0.11+9) (build 11.0.11+9-LTS)
# Java VM: OpenJDK 64-Bit Server VM Zulu11.48+21-CA (11.0.11+9-LTS, mixed mode, tiered, compressed oops, g1 gc, windows-amd64)
Heap:
 garbage-first heap   total 157696K, used 32578K [0x0000000081c00000, 0x0000000100000000)
  region size 1024K, 25 young (25600K), 6 survivors (6144K)
 Metaspace       used 38392K, capacity 39410K, committed 39424K, reserved 1085440K
  class space    used 4430K, capacity 4859K, committed 4864K, reserved 1048576K
GC Heap History (12 events):
Event: 0.909 GC heap before
{Heap before GC invocations=0 (full 0):
 garbage-first heap   total 131072K, used 24576K [0x0000000081c00000, 0x0000000100000000)
  region size 1024K, 24 young (24576K), 0 survivors (0K)
 Metaspace       used 12199K, capacity 12466K, committed 12672K, reserved 1060864K
  class space    used 1202K, capacity 1291K, committed 1408K, reserved 1048576K
}
Event: 0.917 GC heap after
{Heap after GC invocations=1 (full 0):
 garbage-first heap   total 131072K, used 6422K [0x0000000081c00000, 0x0000000100000000)
  region size 1024K, 3 young (3072K), 3 survivors (3072K)
 Metaspace       used 12199K, capacity 12466K, committed 12672K, reserved 1060864K
  class space    used 1202K, capacity 1291K, committed 1408K, reserved 1048576K
}
Event: 1.686 GC heap before
{Heap before GC invocations=1 (full 0):
 garbage-first heap   total 131072K, used 43286K [0x0000000081c00000, 0x0000000100000000)
  region size 1024K, 41 young (41984K), 3 survivors (3072K)
 Metaspace       used 20631K, capacity 21127K, committed 21248K, reserved 1069056K
  class space    used 2236K, capacity 2444K, committed 2560K, reserved 1048576K
}
Event: 1.694 GC heap after
{Heap after GC invocations=2 (full 0):
 garbage-first heap   total 131072K, used 8444K [0x0000000081c00000, 0x0000000100000000)
  region size 1024K, 5 young (5120K), 5 survivors (5120K)
 Metaspace       used 20631K, capacity 21127K, committed 21248K, reserved 1069056K
  class space    used 2236K, capacity 2444K, committed 2560K, reserved 1048576K
}
Event: 1.934 GC heap before
{Heap before GC invocations=3 (full 0):
 garbage-first heap   total 131072K, used 52476K [0x0000000081c00000, 0x0000000100000000)
  region size 1024K, 49 young (50176K), 5 survivors (5120K)
 Metaspace       used 24070K, capacity 24628K, committed 24704K, reserved 1071104K
  class space    used 2701K, capacity 2933K, committed 2944K, reserved 1048576K
}
Event: 1.944 GC heap after
{Heap after GC invocations=4 (full 0):
 garbage-first heap   total 131072K, used 9348K [0x0000000081c00000, 0x0000000100000000)
  region size 1024K, 3 young (3072K), 3 survivors (3072K)
 Metaspace       used 24070K, capacity 24628K, committed 24704K, reserved 1071104K
  class space    used 2701K, capacity 2933K, committed 2944K, reserved 1048576K
}
Event: 3.051 GC heap before
{Heap before GC invocations=4 (full 0):
 garbage-first heap   total 131072K, used 67716K [0x0000000081c00000, 0x0000000100000000)
  region size 1024K, 61 young (62464K), 3 survivors (3072K)
 Metaspace       used 28533K, capacity 29298K, committed 29440K, reserved 1075200K
  class space    used 3246K, capacity 3584K, committed 3584K, reserved 1048576K
}
Event: 3.062 GC heap after
{Heap after GC invocations=5 (full 0):
 garbage-first heap   total 131072K, used 11289K [0x0000000081c00000, 0x0000000100000000)
  region size 1024K, 5 young (5120K), 5 survivors (5120K)
 Metaspace       used 28533K, capacity 29298K, committed 29440K, reserved 1075200K
  class space    used 3246K, capacity 3584K, committed 3584K, reserved 1048576K
}
Event: 4.874 GC heap before
{Heap before GC invocations=5 (full 0):
 garbage-first heap   total 131072K, used 82969K [0x0000000081c00000, 0x0000000100000000)
  region size 1024K, 76 young (77824K), 5 survivors (5120K)
 Metaspace       used 34562K, capacity 35592K, committed 35712K, reserved 1081344K
  class space    used 4010K, capacity 4438K, committed 4480K, reserved 1048576K
}
Event: 4.891 GC heap after
{Heap after GC invocations=6 (full 0):
 garbage-first heap   total 157696K, used 13940K [0x0000000081c00000, 0x0000000100000000)
  region size 1024K, 8 young (8192K), 8 survivors (8192K)
 Metaspace       used 34562K, capacity 35592K, committed 35712K, reserved 1081344K
  class space    used 4010K, capacity 4438K, committed 4480K, reserved 1048576K
}
Event: 4.983 GC heap before
{Heap before GC invocations=6 (full 0):
 garbage-first heap   total 157696K, used 19060K [0x0000000081c00000, 0x0000000100000000)
  region size 1024K, 14 young (14336K), 8 survivors (8192K)
 Metaspace       used 34834K, capacity 35822K, committed 35840K, reserved 1081344K
  class space    used 4039K, capacity 4472K, committed 4480K, reserved 1048576K
}
Event: 5.004 GC heap after
{Heap after GC invocations=7 (full 0):
 garbage-first heap   total 157696K, used 14146K [0x0000000081c00000, 0x0000000100000000)
  region size 1024K, 6 young (6144K), 6 survivors (6144K)
 Metaspace       used 34834K, capacity 35822K, committed 35840K, reserved 1081344K
  class space    used 4039K, capacity 4472K, committed 4480K, reserved 1048576K
}

